<?xml version="1.0" encoding="UTF-8"?>
<testng-results ignored="0" total="3" passed="3" failed="0" skipped="0">
  <reporter-output>
  </reporter-output>
  <suite started-at="2024-03-27T16:24:07 CDT" name="Default suite" finished-at="2024-03-27T16:24:15 CDT" duration-ms="8241">
    <groups>
    </groups>
    <test started-at="2024-03-27T16:24:07 CDT" name="Default test" finished-at="2024-03-27T16:24:15 CDT" duration-ms="8241">
      <class name="DemoCucumber.TestNG.Login_OrangeHRM">
        <test-method is-config="true" signature="loginPageVerification()[pri:0, instance:DemoCucumber.TestNG.Login_OrangeHRM@7ec7ffd3]" started-at="2024-03-27T16:24:07 CDT" name="loginPageVerification" finished-at="2024-03-27T16:24:11 CDT" duration-ms="3959" status="PASS">
          <reporter-output>
          </reporter-output>
        </test-method> <!-- loginPageVerification -->
        <test-method signature="logIn()[pri:1, instance:DemoCucumber.TestNG.Login_OrangeHRM@7ec7ffd3]" started-at="2024-03-27T16:24:11 CDT" name="logIn" finished-at="2024-03-27T16:24:12 CDT" duration-ms="1552" status="PASS">
          <reporter-output>
          </reporter-output>
        </test-method> <!-- logIn -->
        <test-method signature="changePassword()[pri:2, instance:DemoCucumber.TestNG.Login_OrangeHRM@7ec7ffd3]" started-at="2024-03-27T16:24:12 CDT" name="changePassword" finished-at="2024-03-27T16:24:14 CDT" duration-ms="1632" status="PASS">
          <reporter-output>
          </reporter-output>
        </test-method> <!-- changePassword -->
        <test-method signature="logOut()[pri:3, instance:DemoCucumber.TestNG.Login_OrangeHRM@7ec7ffd3]" started-at="2024-03-27T16:24:14 CDT" name="logOut" finished-at="2024-03-27T16:24:15 CDT" duration-ms="981" status="PASS">
          <reporter-output>
          </reporter-output>
        </test-method> <!-- logOut -->
        <test-method is-config="true" signature="closeBrowswe()[pri:0, instance:DemoCucumber.TestNG.Login_OrangeHRM@7ec7ffd3]" started-at="2024-03-27T16:24:15 CDT" name="closeBrowswe" finished-at="2024-03-27T16:24:15 CDT" duration-ms="95" status="PASS">
          <reporter-output>
          </reporter-output>
        </test-method> <!-- closeBrowswe -->
      </class> <!-- DemoCucumber.TestNG.Login_OrangeHRM -->
    </test> <!-- Default test -->
  </suite> <!-- Default suite -->
</testng-results>
