<?xml version="1.0" encoding="UTF-8"?>
<!-- Generated by org.testng.reporters.JUnitXMLReporter -->
<testsuite ignored="0" hostname="Pushp-Samsung-PC" failures="0" tests="3" name="Default test" time="8.241" errors="0" timestamp="2024-03-27T16:24:15 CDT">
  <testcase classname="DemoCucumber.TestNG.Login_OrangeHRM" name="logIn" time="1.552"/>
  <testcase classname="DemoCucumber.TestNG.Login_OrangeHRM" name="changePassword" time="1.632"/>
  <testcase classname="DemoCucumber.TestNG.Login_OrangeHRM" name="logOut" time="0.981"/>
</testsuite> <!-- Default test -->
